<?xml version="1.0" encoding="UTF-8"?>
<!-- Generated by org.testng.reporters.JUnitReportReporter -->
<testsuite hostname="LAPTOP-Q2CKDEE8" failures="0" tests="1" name="TestCases.LoginTest" time="0.017" errors="0" timestamp="12 Sep 2021 04:44:11 GMT" skipped="0">
  <testcase classname="TestCases.LoginTest" name="NagivateToHome" time="0.017"/>
</testsuite> <!-- TestCases.LoginTest -->
